# JRE version: OpenJDK Runtime Environment (11.0.13) (build 11.0.13+0-b1751.21-8125866)
# Java VM: OpenJDK 64-Bit Server VM (11.0.13+0-b1751.21-8125866, mixed mode, tiered, compressed oops, g1 gc, windows-amd64)
Heap:
 garbage-first heap   total 230400K, used 143137K [0x0000000080000000, 0x0000000100000000)
  region size 1024K, 1 young (1024K), 1 survivors (1024K)
 Metaspace       used 83559K, capacity 85735K, committed 85808K, reserved 1124352K
  class space    used 10829K, capacity 11583K, committed 11648K, reserved 1048576K
GC Heap History (20 events):
Event: 63.657 GC heap after
{Heap after GC invocations=62 (full 0):
 garbage-first heap   total 161792K, used 141905K [0x0000000080000000, 0x0000000100000000)
  region size 1024K, 1 young (1024K), 1 survivors (1024K)
 Metaspace       used 81389K, capacity 83504K, committed 83760K, reserved 1122304K
  class space    used 10528K, capacity 11272K, committed 11392K, reserved 1048576K
}
Event: 63.679 GC heap before
{Heap before GC invocations=62 (full 0):
 garbage-first heap   total 161792K, used 148049K [0x0000000080000000, 0x0000000100000000)
  region size 1024K, 7 young (7168K), 1 survivors (1024K)
 Metaspace       used 81500K, capacity 83568K, committed 83760K, reserved 1122304K
  class space    used 10545K, capacity 11272K, committed 11392K, reserved 1048576K
}
Event: 63.680 GC heap after
{Heap after GC invocations=63 (full 0):
 garbage-first heap   total 161792K, used 141804K [0x0000000080000000, 0x0000000100000000)
  region size 1024K, 1 young (1024K), 1 survivors (1024K)
 Metaspace       used 81500K, capacity 83568K, committed 83760K, reserved 1122304K
  class space    used 10545K, capacity 11272K, committed 11392K, reserved 1048576K
}
Event: 63.732 GC heap before
{Heap before GC invocations=63 (full 0):
 garbage-first heap   total 161792K, used 147948K [0x0000000080000000, 0x0000000100000000)
  region size 1024K, 7 young (7168K), 1 survivors (1024K)
 Metaspace       used 81686K, capacity 83792K, committed 84016K, reserved 1122304K
  class space    used 10563K, capacity 11304K, committed 11392K, reserved 1048576K
}
Event: 63.733 GC heap after
{Heap after GC invocations=64 (full 0):
 garbage-first heap   total 161792K, used 141980K [0x0000000080000000, 0x0000000100000000)
  region size 1024K, 1 young (1024K), 1 survivors (1024K)
 Metaspace       used 81686K, capacity 83792K, committed 84016K, reserved 1122304K
  class space    used 10563K, capacity 11304K, committed 11392K, reserved 1048576K
}
Event: 63.767 GC heap before
{Heap before GC invocations=64 (full 0):
 garbage-first heap   total 161792K, used 148124K [0x0000000080000000, 0x0000000100000000)
  region size 1024K, 7 young (7168K), 1 survivors (1024K)
 Metaspace       used 81863K, capacity 83920K, committed 84272K, reserved 1122304K
  class space    used 10583K, capacity 11304K, committed 11392K, reserved 1048576K
}
Event: 63.768 GC heap after
{Heap after GC invocations=65 (full 0):
 garbage-first heap   total 161792K, used 141953K [0x0000000080000000, 0x0000000100000000)
  region size 1024K, 1 young (1024K), 1 survivors (1024K)
 Metaspace       used 81863K, capacity 83920K, committed 84272K, reserved 1122304K
  class space    used 10583K, capacity 11304K, committed 11392K, reserved 1048576K
}
Event: 63.786 GC heap before
{Heap before GC invocations=65 (full 0):
 garbage-first heap   total 161792K, used 148097K [0x0000000080000000, 0x0000000100000000)
  region size 1024K, 7 young (7168K), 1 survivors (1024K)
 Metaspace       used 82032K, capacity 84144K, committed 84272K, reserved 1122304K
  class space    used 10604K, capacity 11336K, committed 11392K, reserved 1048576K
}
Event: 63.788 GC heap after
{Heap after GC invocations=66 (full 0):
 garbage-first heap   total 161792K, used 141965K [0x0000000080000000, 0x0000000100000000)
  region size 1024K, 1 young (1024K), 1 survivors (1024K)
 Metaspace       used 82032K, capacity 84144K, committed 84272K, reserved 1122304K
  class space    used 10604K, capacity 11336K, committed 11392K, reserved 1048576K
}
Event: 63.807 GC heap before
{Heap before GC invocations=67 (full 0):
 garbage-first heap   total 161792K, used 148109K [0x0000000080000000, 0x0000000100000000)
  region size 1024K, 7 young (7168K), 1 survivors (1024K)
 Metaspace       used 82217K, capacity 84304K, committed 84528K, reserved 1122304K
  class space    used 10633K, capacity 11368K, committed 11392K, reserved 1048576K
}
Event: 63.809 GC heap after
{Heap after GC invocations=68 (full 0):
 garbage-first heap   total 161792K, used 142114K [0x0000000080000000, 0x0000000100000000)
  region size 1024K, 1 young (1024K), 1 survivors (1024K)
 Metaspace       used 82217K, capacity 84304K, committed 84528K, reserved 1122304K
  class space    used 10633K, capacity 11368K, committed 11392K, reserved 1048576K
}
Event: 63.858 GC heap before
{Heap before GC invocations=68 (full 0):
 garbage-first heap   total 161792K, used 148258K [0x0000000080000000, 0x0000000100000000)
  region size 1024K, 7 young (7168K), 1 survivors (1024K)
 Metaspace       used 82441K, capacity 84572K, committed 84912K, reserved 1122304K
  class space    used 10662K, capacity 11410K, committed 11520K, reserved 1048576K
}
Event: 63.860 GC heap after
{Heap after GC invocations=69 (full 0):
 garbage-first heap   total 161792K, used 142031K [0x0000000080000000, 0x0000000100000000)
  region size 1024K, 1 young (1024K), 1 survivors (1024K)
 Metaspace       used 82441K, capacity 84572K, committed 84912K, reserved 1122304K
  class space    used 10662K, capacity 11410K, committed 11520K, reserved 1048576K
}
Event: 63.997 GC heap before
{Heap before GC invocations=70 (full 0):
 garbage-first heap   total 161792K, used 148175K [0x0000000080000000, 0x0000000100000000)
  region size 1024K, 7 young (7168K), 1 survivors (1024K)
 Metaspace       used 82755K, capacity 84919K, committed 85168K, reserved 1122304K
  class space    used 10716K, capacity 11482K, committed 11520K, reserved 1048576K
}
Event: 64.000 GC heap after
{Heap after GC invocations=71 (full 0):
 garbage-first heap   total 161792K, used 142722K [0x0000000080000000, 0x0000000100000000)
  region size 1024K, 1 young (1024K), 1 survivors (1024K)
 Metaspace       used 82755K, capacity 84919K, committed 85168K, reserved 1122304K
  class space    used 10716K, capacity 11482K, committed 11520K, reserved 1048576K
}
Event: 64.067 GC heap before
{Heap before GC invocations=71 (full 0):
 garbage-first heap   total 161792K, used 148866K [0x0000000080000000, 0x0000000100000000)
  region size 1024K, 7 young (7168K), 1 survivors (1024K)
 Metaspace       used 83113K, capacity 85277K, committed 85424K, reserved 1124352K
  class space    used 10769K, capacity 11516K, committed 11520K, reserved 1048576K
}
Event: 64.071 GC heap after
{Heap after GC invocations=72 (full 0):
 garbage-first heap   total 161792K, used 142777K [0x0000000080000000, 0x0000000100000000)
  region size 1024K, 1 young (1024K), 1 survivors (1024K)
 Metaspace       used 83113K, capacity 85277K, committed 85424K, reserved 1124352K
  class space    used 10769K, capacity 11516K, committed 11520K, reserved 1048576K
}
Event: 64.219 GC heap before
{Heap before GC invocations=73 (full 0):
 garbage-first heap   total 161792K, used 148921K [0x0000000080000000, 0x0000000100000000)
  region size 1024K, 7 young (7168K), 1 survivors (1024K)
 Metaspace       used 83442K, capacity 85575K, committed 85808K, reserved 1124352K
  class space    used 10812K, capacity 11551K, committed 11648K, reserved 1048576K
}
Event: 64.221 GC heap after
{Heap after GC invocations=74 (full 0):
 garbage-first heap   total 161792K, used 143127K [0x0000000080000000, 0x0000000100000000)
  region size 1024K, 1 young (1024K), 1 survivors (1024K)
 Metaspace       used 83442K, capacity 85575K, committed 85808K, reserved 1124352K
  class space    used 10812K, capacity 11551K, committed 11648K, reserved 1048576K
}
Event: 64.263 GC heap before
{Heap before GC invocations=74 (full 0):
 garbage-first heap   total 161792K, used 149271K [0x0000000080000000, 0x0000000100000000)
  region size 1024K, 7 young (7168K), 1 survivors (1024K)
 Metaspace       used 83559K, capacity 85735K, committed 85808K, reserved 1124352K
  class space    used 10829K, capacity 11583K, committed 11648K, reserved 1048576K
}

